87223 - [2023-05-18 10:34:31,410] : DEBUG -> Iniciando servidor...
87223 - [2023-05-18 10:34:47,186] : DEBUG -> Username: Hugo Autheticated
87223 - [2023-05-18 10:34:47,202] : DEBUG -> [Hugo] INPUT: ls
87223 - [2023-05-18 10:34:47,202] : DEBUG -> [Hugo] OUTPUT: Criando_uma_aplicação_de_controle_remoto_com_gRPC.ipynb
README.md
__pycache__
client.py
cmds.log
remote_control.proto
remote_control_pb2.py
remote_control_pb2_grpc.py
server.py

87223 - [2023-05-18 10:34:53,220] : DEBUG -> Username: Hugo Autheticated
87223 - [2023-05-18 10:34:53,233] : DEBUG -> [Hugo] INPUT: touch teste.txt
87223 - [2023-05-18 10:34:53,234] : DEBUG -> [Hugo] OUTPUT: 
87223 - [2023-05-18 10:35:01,544] : DEBUG -> Username: Hugo Autheticated
87223 - [2023-05-18 10:35:01,557] : DEBUG -> [Hugo] INPUT: ls -la
87223 - [2023-05-18 10:35:01,558] : DEBUG -> [Hugo] OUTPUT: total 96
drwxr-xr-x@ 14 hugolima  staff    448 May 18 10:34 .
drwxr-xr-x@  7 hugolima  staff    224 May 16 20:18 ..
-rw-r--r--@  1 hugolima  staff   6148 May  8 11:15 .DS_Store
drwxr-xr-x   4 hugolima  staff    128 May 16 11:41 .ipynb_checkpoints
-rw-r--r--@  1 hugolima  staff  12230 May 16 12:14 Criando_uma_aplicação_de_controle_remoto_com_gRPC.ipynb
-rw-r--r--@  1 hugolima  staff   1259 May 18 10:34 README.md
drwxr-xr-x   8 hugolima  staff    256 May 16 12:19 __pycache__
-rw-r--r--@  1 hugolima  staff    765 May 16 20:34 client.py
-rw-r--r--   1 hugolima  staff    726 May 18 10:35 cmds.log
-rw-r--r--@  1 hugolima  staff    402 May 18 08:14 remote_control.proto
-rw-r--r--   1 hugolima  staff   1414 May 16 12:19 remote_control_pb2.py
-rw-r--r--   1 hugolima  staff   2481 May 16 12:19 remote_control_pb2_grpc.py
-rw-r--r--@  1 hugolima  staff   1629 May 16 20:31 server.py
-rw-r--r--   1 hugolima  staff      0 May 18 10:34 teste.txt

87223 - [2023-05-18 10:35:09,056] : DEBUG -> Username: Hugo Autheticated
87223 - [2023-05-18 10:35:09,065] : DEBUG -> [Hugo] INPUT: rm teste.txt
87223 - [2023-05-18 10:35:09,066] : DEBUG -> [Hugo] OUTPUT: 
87223 - [2023-05-18 10:35:37,355] : DEBUG -> Username: Hugo Autheticated
